  Game.cpp
C:\Users\ojep\Game Development\Advanced-Game-Dev-Resit-Assignment\CentralDefense\ComponentManager.h(34,13): warning C4984: 'if constexpr' is a C++17 language extension
  (compiling source file 'Game.cpp')
  C:\Users\ojep\Game Development\Advanced-Game-Dev-Resit-Assignment\CentralDefense\ComponentManager.h(31,33):
  This diagnostic occurred in the compiler generated function 'std::vector<Entity::ID,std::allocator<sf::Uint32>> ComponentManager::getEntitiesWithComponents(void)'
  
C:\Users\ojep\Game Development\Advanced-Game-Dev-Resit-Assignment\CentralDefense\ComponentManager.h(109,13): warning C4984: 'if constexpr' is a C++17 language extension
  (compiling source file 'Game.cpp')
  C:\Users\ojep\Game Development\Advanced-Game-Dev-Resit-Assignment\CentralDefense\ComponentManager.h(105,14):
  This diagnostic occurred in the compiler generated function 'bool ComponentManager::hasAllComponents(Entity::ID)'
  
C:\Users\ojep\Game Development\Advanced-Game-Dev-Resit-Assignment\CentralDefense\Game.cpp(100,110): warning C4244: 'argument': conversion from 'T' to 'float', possible loss of data
C:\Users\ojep\Game Development\Advanced-Game-Dev-Resit-Assignment\CentralDefense\Game.cpp(100,110): warning C4244:         with
C:\Users\ojep\Game Development\Advanced-Game-Dev-Resit-Assignment\CentralDefense\Game.cpp(100,110): warning C4244:         [
C:\Users\ojep\Game Development\Advanced-Game-Dev-Resit-Assignment\CentralDefense\Game.cpp(100,110): warning C4244:             T=unsigned int
C:\Users\ojep\Game Development\Advanced-Game-Dev-Resit-Assignment\CentralDefense\Game.cpp(100,110): warning C4244:         ]
  Systems.cpp
C:\Users\ojep\Game Development\Advanced-Game-Dev-Resit-Assignment\CentralDefense\ComponentManager.h(34,13): warning C4984: 'if constexpr' is a C++17 language extension
  (compiling source file 'Systems.cpp')
  C:\Users\ojep\Game Development\Advanced-Game-Dev-Resit-Assignment\CentralDefense\ComponentManager.h(31,33):
  This diagnostic occurred in the compiler generated function 'std::vector<Entity::ID,std::allocator<sf::Uint32>> ComponentManager::getEntitiesWithComponents(void)'
  
C:\Users\ojep\Game Development\Advanced-Game-Dev-Resit-Assignment\CentralDefense\ComponentManager.h(109,13): warning C4984: 'if constexpr' is a C++17 language extension
  (compiling source file 'Systems.cpp')
  C:\Users\ojep\Game Development\Advanced-Game-Dev-Resit-Assignment\CentralDefense\ComponentManager.h(105,14):
  This diagnostic occurred in the compiler generated function 'bool ComponentManager::hasAllComponents(Entity::ID)'
  
C:\Users\ojep\Game Development\Advanced-Game-Dev-Resit-Assignment\CentralDefense\Systems.cpp(47,37): warning C4244: '=': conversion from 'double' to 'float', possible loss of data
C:\Users\ojep\Game Development\Advanced-Game-Dev-Resit-Assignment\CentralDefense\Systems.cpp(48,37): warning C4244: '=': conversion from 'double' to 'float', possible loss of data
C:\Users\ojep\Game Development\Advanced-Game-Dev-Resit-Assignment\CentralDefense\Systems.cpp(385,34): warning C4244: 'argument': conversion from 'double' to 'T', possible loss of data
C:\Users\ojep\Game Development\Advanced-Game-Dev-Resit-Assignment\CentralDefense\Systems.cpp(385,34): warning C4244:         with
C:\Users\ojep\Game Development\Advanced-Game-Dev-Resit-Assignment\CentralDefense\Systems.cpp(385,34): warning C4244:         [
C:\Users\ojep\Game Development\Advanced-Game-Dev-Resit-Assignment\CentralDefense\Systems.cpp(385,34): warning C4244:             T=float
C:\Users\ojep\Game Development\Advanced-Game-Dev-Resit-Assignment\CentralDefense\Systems.cpp(385,34): warning C4244:         ]
C:\Users\ojep\Game Development\Advanced-Game-Dev-Resit-Assignment\CentralDefense\Systems.cpp(386,54): warning C4244: 'argument': conversion from 'double' to 'T', possible loss of data
C:\Users\ojep\Game Development\Advanced-Game-Dev-Resit-Assignment\CentralDefense\Systems.cpp(386,54): warning C4244:         with
C:\Users\ojep\Game Development\Advanced-Game-Dev-Resit-Assignment\CentralDefense\Systems.cpp(386,54): warning C4244:         [
C:\Users\ojep\Game Development\Advanced-Game-Dev-Resit-Assignment\CentralDefense\Systems.cpp(386,54): warning C4244:             T=float
C:\Users\ojep\Game Development\Advanced-Game-Dev-Resit-Assignment\CentralDefense\Systems.cpp(386,54): warning C4244:         ]
C:\Users\ojep\Game Development\Advanced-Game-Dev-Resit-Assignment\CentralDefense\Systems.cpp(386,46): warning C4244: 'argument': conversion from 'T' to 'T', possible loss of data
C:\Users\ojep\Game Development\Advanced-Game-Dev-Resit-Assignment\CentralDefense\Systems.cpp(386,46): warning C4244:         with
C:\Users\ojep\Game Development\Advanced-Game-Dev-Resit-Assignment\CentralDefense\Systems.cpp(386,46): warning C4244:         [
C:\Users\ojep\Game Development\Advanced-Game-Dev-Resit-Assignment\CentralDefense\Systems.cpp(386,46): warning C4244:             T=unsigned int
C:\Users\ojep\Game Development\Advanced-Game-Dev-Resit-Assignment\CentralDefense\Systems.cpp(386,46): warning C4244:         ]
C:\Users\ojep\Game Development\Advanced-Game-Dev-Resit-Assignment\CentralDefense\Systems.cpp(386,46): warning C4244:         and
C:\Users\ojep\Game Development\Advanced-Game-Dev-Resit-Assignment\CentralDefense\Systems.cpp(386,46): warning C4244:         [
C:\Users\ojep\Game Development\Advanced-Game-Dev-Resit-Assignment\CentralDefense\Systems.cpp(386,46): warning C4244:             T=float
C:\Users\ojep\Game Development\Advanced-Game-Dev-Resit-Assignment\CentralDefense\Systems.cpp(386,46): warning C4244:         ]
C:\Users\ojep\Game Development\Advanced-Game-Dev-Resit-Assignment\CentralDefense\Systems.cpp(387,57): warning C4244: 'argument': conversion from 'T' to 'T', possible loss of data
C:\Users\ojep\Game Development\Advanced-Game-Dev-Resit-Assignment\CentralDefense\Systems.cpp(387,57): warning C4244:         with
C:\Users\ojep\Game Development\Advanced-Game-Dev-Resit-Assignment\CentralDefense\Systems.cpp(387,57): warning C4244:         [
C:\Users\ojep\Game Development\Advanced-Game-Dev-Resit-Assignment\CentralDefense\Systems.cpp(387,57): warning C4244:             T=unsigned int
C:\Users\ojep\Game Development\Advanced-Game-Dev-Resit-Assignment\CentralDefense\Systems.cpp(387,57): warning C4244:         ]
C:\Users\ojep\Game Development\Advanced-Game-Dev-Resit-Assignment\CentralDefense\Systems.cpp(387,57): warning C4244:         and
C:\Users\ojep\Game Development\Advanced-Game-Dev-Resit-Assignment\CentralDefense\Systems.cpp(387,57): warning C4244:         [
C:\Users\ojep\Game Development\Advanced-Game-Dev-Resit-Assignment\CentralDefense\Systems.cpp(387,57): warning C4244:             T=float
C:\Users\ojep\Game Development\Advanced-Game-Dev-Resit-Assignment\CentralDefense\Systems.cpp(387,57): warning C4244:         ]
C:\Users\ojep\Game Development\Advanced-Game-Dev-Resit-Assignment\CentralDefense\Systems.cpp(387,34): warning C4244: 'argument': conversion from 'double' to 'T', possible loss of data
C:\Users\ojep\Game Development\Advanced-Game-Dev-Resit-Assignment\CentralDefense\Systems.cpp(387,34): warning C4244:         with
C:\Users\ojep\Game Development\Advanced-Game-Dev-Resit-Assignment\CentralDefense\Systems.cpp(387,34): warning C4244:         [
C:\Users\ojep\Game Development\Advanced-Game-Dev-Resit-Assignment\CentralDefense\Systems.cpp(387,34): warning C4244:             T=float
C:\Users\ojep\Game Development\Advanced-Game-Dev-Resit-Assignment\CentralDefense\Systems.cpp(387,34): warning C4244:         ]
C:\Users\ojep\Game Development\Advanced-Game-Dev-Resit-Assignment\CentralDefense\Systems.cpp(388,37): warning C4244: 'argument': conversion from 'double' to 'T', possible loss of data
C:\Users\ojep\Game Development\Advanced-Game-Dev-Resit-Assignment\CentralDefense\Systems.cpp(388,37): warning C4244:         with
C:\Users\ojep\Game Development\Advanced-Game-Dev-Resit-Assignment\CentralDefense\Systems.cpp(388,37): warning C4244:         [
C:\Users\ojep\Game Development\Advanced-Game-Dev-Resit-Assignment\CentralDefense\Systems.cpp(388,37): warning C4244:             T=float
C:\Users\ojep\Game Development\Advanced-Game-Dev-Resit-Assignment\CentralDefense\Systems.cpp(388,37): warning C4244:         ]
C:\Users\ojep\Game Development\Advanced-Game-Dev-Resit-Assignment\CentralDefense\Systems.cpp(518,48): warning C4244: '=': conversion from 'T' to 'float', possible loss of data
C:\Users\ojep\Game Development\Advanced-Game-Dev-Resit-Assignment\CentralDefense\Systems.cpp(518,48): warning C4244:         with
C:\Users\ojep\Game Development\Advanced-Game-Dev-Resit-Assignment\CentralDefense\Systems.cpp(518,48): warning C4244:         [
C:\Users\ojep\Game Development\Advanced-Game-Dev-Resit-Assignment\CentralDefense\Systems.cpp(518,48): warning C4244:             T=unsigned int
C:\Users\ojep\Game Development\Advanced-Game-Dev-Resit-Assignment\CentralDefense\Systems.cpp(518,48): warning C4244:         ]
  main.cpp
C:\Users\ojep\Game Development\Advanced-Game-Dev-Resit-Assignment\CentralDefense\ComponentManager.h(34,13): warning C4984: 'if constexpr' is a C++17 language extension
  (compiling source file 'main.cpp')
  C:\Users\ojep\Game Development\Advanced-Game-Dev-Resit-Assignment\CentralDefense\ComponentManager.h(31,33):
  This diagnostic occurred in the compiler generated function 'std::vector<Entity::ID,std::allocator<sf::Uint32>> ComponentManager::getEntitiesWithComponents(void)'
  
C:\Users\ojep\Game Development\Advanced-Game-Dev-Resit-Assignment\CentralDefense\ComponentManager.h(109,13): warning C4984: 'if constexpr' is a C++17 language extension
  (compiling source file 'main.cpp')
  C:\Users\ojep\Game Development\Advanced-Game-Dev-Resit-Assignment\CentralDefense\ComponentManager.h(105,14):
  This diagnostic occurred in the compiler generated function 'bool ComponentManager::hasAllComponents(Entity::ID)'
  
  Generating Code...
  CentralDefense.vcxproj -> C:\Users\ojep\Game Development\Advanced-Game-Dev-Resit-Assignment\CentralDefense\x64\Debug\CentralDefense.exe
